# JRE version: Java(TM) SE Runtime Environment (7.0_79-b15) (build 1.7.0_79-b15)
# Java VM: Java HotSpot(TM) Client VM (24.79-b02 mixed mode windows-x86 )
Heap
 def new generation   total 8192K, used 5597K [0x02c00000, 0x034e0000, 0x08150000)
  eden space 7296K,  64% used [0x02c00000, 0x03097550, 0x03320000)
  from space 896K,  99% used [0x03320000, 0x033ffff8, 0x03400000)
  to   space 896K,   0% used [0x03400000, 0x03400000, 0x034e0000)
 tenured generation   total 18084K, used 12509K [0x08150000, 0x092f9000, 0x12c00000)
   the space 18084K,  69% used [0x08150000, 0x08d87420, 0x08d87600, 0x092f9000)
 compacting perm gen  total 23296K, used 23153K [0x12c00000, 0x142c0000, 0x16c00000)
   the space 23296K,  99% used [0x12c00000, 0x1429c7a8, 0x1429c800, 0x142c0000)
GC Heap History (10 events):
Event: 11.050 GC heap before
{Heap before GC invocations=31 (full 2):
 def new generation   total 7552K, used 4333K [0x02c00000, 0x03430000, 0x08150000)
  eden space 6720K,  52% used [0x02c00000, 0x02f6b760, 0x03290000)
  from space 832K,  99% used [0x03360000, 0x0342ff48, 0x03430000)
  to   space 832K,   0% used [0x03290000, 0x03290000, 0x03360000)
 tenured generation   total 16652K, used 11957K [0x08150000, 0x09193000, 0x12c00000)
   the space 16652K,  71% used [0x08150000, 0x08cfd7d8, 0x08cfd800, 0x09193000)
 compacting perm gen  total 20480K, used 20479K [0x12c00000, 0x14000000, 0x16c00000)
   the space 20480K,  99% used [0x12c00000, 0x13ffffe8, 0x14000000, 0x14000000)
No shared spaces configured.
Event: 11.101 GC heap after
Heap after GC invocations=32 (full 3):
 def new generation   total 8192K, used 0K [0x02c00000, 0x034e0000, 0x08150000)
  eden space 7296K,   0% used [0x02c00000, 0x02c00000, 0x03320000)
  from space 896K,   0% used [0x03320000, 0x03320000, 0x03400000)
  to   space 896K,   0% used [0x03400000, 0x03400000, 0x034e0000)
 tenured generation   total 18084K, used 10848K [0x08150000, 0x092f9000, 0x12c00000)
   the space 18084K,  59% used [0x08150000, 0x08be8250, 0x08be8400, 0x092f9000)
 compacting perm gen  total 20480K, used 20479K [0x12c00000, 0x14000000, 0x16c00000)
   the space 20480K,  99% used [0x12c00000, 0x13ffffe8, 0x14000000, 0x14000000)
No shared spaces configured.
}
Event: 12.583 GC heap before
{Heap before GC invocations=32 (full 3):
 def new generation   total 8192K, used 7296K [0x02c00000, 0x034e0000, 0x08150000)
  eden space 7296K, 100% used [0x02c00000, 0x03320000, 0x03320000)
  from space 896K,   0% used [0x03320000, 0x03320000, 0x03400000)
  to   space 896K,   0% used [0x03400000, 0x03400000, 0x034e0000)
 tenured generation   total 18084K, used 10848K [0x08150000, 0x092f9000, 0x12c00000)
   the space 18084K,  59% used [0x08150000, 0x08be8250, 0x08be8400, 0x092f9000)
 compacting perm gen  total 20992K, used 20933K [0x12c00000, 0x14080000, 0x16c00000)
   the space 20992K,  99% used [0x12c00000, 0x14071508, 0x14071600, 0x14080000)
No shared spaces configured.
Event: 12.588 GC heap after
Heap after GC invocations=33 (full 3):
 def new generation   total 8192K, used 895K [0x02c00000, 0x034e0000, 0x08150000)
  eden space 7296K,   0% used [0x02c00000, 0x02c00000, 0x03320000)
  from space 896K,  99% used [0x03400000, 0x034dfff8, 0x034e0000)
  to   space 896K,   0% used [0x03320000, 0x03320000, 0x03400000)
 tenured generation   total 18084K, used 11033K [0x08150000, 0x092f9000, 0x12c00000)
   the space 18084K,  61% used [0x08150000, 0x08c16488, 0x08c16600, 0x092f9000)
 compacting perm gen  total 20992K, used 20933K [0x12c00000, 0x14080000, 0x16c00000)
   the space 20992K,  99% used [0x12c00000, 0x14071508, 0x14071600, 0x14080000)
No shared spaces configured.
}
Event: 12.785 GC heap before
{Heap before GC invocations=33 (full 3):
 def new generation   total 8192K, used 8191K [0x02c00000, 0x034e0000, 0x08150000)
  eden space 7296K, 100% used [0x02c00000, 0x03320000, 0x03320000)
  from space 896K,  99% used [0x03400000, 0x034dfff8, 0x034e0000)
  to   space 896K,   0% used [0x03320000, 0x03320000, 0x03400000)
 tenured generation   total 18084K, used 11033K [0x08150000, 0x092f9000, 0x12c00000)
   the space 18084K,  61% used [0x08150000, 0x08c16488, 0x08c16600, 0x092f9000)
 compacting perm gen  total 21248K, used 21209K [0x12c00000, 0x140c0000, 0x16c00000)
   the space 21248K,  99% used [0x12c00000, 0x140b66f8, 0x140b6800, 0x140c0000)
No shared spaces configured.
Event: 12.791 GC heap after
Heap after GC invocations=34 (full 3):
 def new generation   total 8192K, used 818K [0x02c00000, 0x034e0000, 0x08150000)
  eden space 7296K,   0% used [0x02c00000, 0x02c00000, 0x03320000)
  from space 896K,  91% used [0x03320000, 0x033ec958, 0x03400000)
  to   space 896K,   0% used [0x03400000, 0x03400000, 0x034e0000)
 tenured generation   total 18084K, used 11556K [0x08150000, 0x092f9000, 0x12c00000)
   the space 18084K,  63% used [0x08150000, 0x08c99300, 0x08c99400, 0x092f9000)
 compacting perm gen  total 21248K, used 21209K [0x12c00000, 0x140c0000, 0x16c00000)
   the space 21248K,  99% used [0x12c00000, 0x140b66f8, 0x140b6800, 0x140c0000)
No shared spaces configured.
}
Event: 13.007 GC heap before
{Heap before GC invocations=34 (full 3):
 def new generation   total 8192K, used 8113K [0x02c00000, 0x034e0000, 0x08150000)
  eden space 7296K,  99% used [0x02c00000, 0x0331fbf0, 0x03320000)
  from space 896K,  91% used [0x03320000, 0x033ec958, 0x03400000)
  to   space 896K,   0% used [0x03400000, 0x03400000, 0x034e0000)
 tenured generation   total 18084K, used 11556K [0x08150000, 0x092f9000, 0x12c00000)
   the space 18084K,  63% used [0x08150000, 0x08c99300, 0x08c99400, 0x092f9000)
 compacting perm gen  total 22016K, used 21880K [0x12c00000, 0x14180000, 0x16c00000)
   the space 22016K,  99% used [0x12c00000, 0x1415e1d0, 0x1415e200, 0x14180000)
No shared spaces configured.
Event: 13.011 GC heap after
Heap after GC invocations=35 (full 3):
 def new generation   total 8192K, used 895K [0x02c00000, 0x034e0000, 0x08150000)
  eden space 7296K,   0% used [0x02c00000, 0x02c00000, 0x03320000)
  from space 896K,  99% used [0x03400000, 0x034dffb8, 0x034e0000)
  to   space 896K,   0% used [0x03320000, 0x03320000, 0x03400000)
 tenured generation   total 18084K, used 12099K [0x08150000, 0x092f9000, 0x12c00000)
   the space 18084K,  66% used [0x08150000, 0x08d20d40, 0x08d20e00, 0x092f9000)
 compacting perm gen  total 22016K, used 21880K [0x12c00000, 0x14180000, 0x16c00000)
   the space 22016K,  99% used [0x12c00000, 0x1415e1d0, 0x1415e200, 0x14180000)
No shared spaces configured.
}
Event: 13.283 GC heap before
{Heap before GC invocations=35 (full 3):
 def new generation   total 8192K, used 8189K [0x02c00000, 0x034e0000, 0x08150000)
  eden space 7296K,  99% used [0x02c00000, 0x0331f830, 0x03320000)
  from space 896K,  99% used [0x03400000, 0x034dffb8, 0x034e0000)
  to   space 896K,   0% used [0x03320000, 0x03320000, 0x03400000)
 tenured generation   total 18084K, used 12099K [0x08150000, 0x092f9000, 0x12c00000)
   the space 18084K,  66% used [0x08150000, 0x08d20d40, 0x08d20e00, 0x092f9000)
 compacting perm gen  total 22784K, used 22632K [0x12c00000, 0x14240000, 0x16c00000)
   the space 22784K,  99% used [0x12c00000, 0x1421a318, 0x1421a400, 0x14240000)
No shared spaces configured.
Event: 13.288 GC heap after
Heap after GC invocations=36 (full 3):
 def new generation   total 8192K, used 895K [0x02c00000, 0x034e0000, 0x08150000)
  eden space 7296K,   0% used [0x02c00000, 0x02c00000, 0x03320000)
  from space 896K,  99% used [0x03320000, 0x033ffff8, 0x03400000)
  to   space 896K,   0% used [0x03400000, 0x03400000, 0x034e0000)
 tenured generation   total 18084K, used 12509K [0x08150000, 0x092f9000, 0x12c00000)
   the space 18084K,  69% used [0x08150000, 0x08d87420, 0x08d87600, 0x092f9000)
 compacting perm gen  total 22784K, used 22632K [0x12c00000, 0x14240000, 0x16c00000)
   the space 22784K,  99% used [0x12c00000, 0x1421a318, 0x1421a400, 0x14240000)
No shared spaces configured.
}

